#0 building with "desktop-linux" instance using docker driver

#1 [internal] load build definition from Dockerfile
#1 transferring dockerfile: 1.91kB done
#1 DONE 0.0s

#2 [internal] load metadata for docker.io/library/debian:bullseye-slim
#2 DONE 1.1s

#3 [internal] load metadata for docker.io/library/debian:buster-slim
#3 DONE 1.1s

#4 [internal] load .dockerignore
#4 transferring context: 2B done
#4 DONE 0.0s

#5 [stage-1 1/5] FROM docker.io/library/debian:buster-slim@sha256:bb3dc79fddbca7e8903248ab916bb775c96ec61014b3d02b4f06043b604726dc
#5 resolve docker.io/library/debian:buster-slim@sha256:bb3dc79fddbca7e8903248ab916bb775c96ec61014b3d02b4f06043b604726dc done
#5 sha256:bb3dc79fddbca7e8903248ab916bb775c96ec61014b3d02b4f06043b604726dc 984B / 984B done
#5 sha256:7c4d2a7d6cf0863888c4dbe1207211c5a7c2eaa6374a51b5d4cc02dd0dd95099 529B / 529B done
#5 sha256:8104195d91bf708e162ead1ed895b04fb70b6916728e2396d53cc5256825de13 1.48kB / 1.48kB done
#5 sha256:7abf9f73c7747bb840a8edcd895830e53f09498136de3015568a9cd9f5ab10ed 0B / 26.11MB 0.1s
#5 sha256:7abf9f73c7747bb840a8edcd895830e53f09498136de3015568a9cd9f5ab10ed 2.10MB / 26.11MB 1.1s
#5 sha256:7abf9f73c7747bb840a8edcd895830e53f09498136de3015568a9cd9f5ab10ed 4.19MB / 26.11MB 1.7s
#5 sha256:7abf9f73c7747bb840a8edcd895830e53f09498136de3015568a9cd9f5ab10ed 6.29MB / 26.11MB 2.3s
#5 sha256:7abf9f73c7747bb840a8edcd895830e53f09498136de3015568a9cd9f5ab10ed 8.39MB / 26.11MB 2.9s
#5 sha256:7abf9f73c7747bb840a8edcd895830e53f09498136de3015568a9cd9f5ab10ed 10.49MB / 26.11MB 3.6s
#5 sha256:7abf9f73c7747bb840a8edcd895830e53f09498136de3015568a9cd9f5ab10ed 12.58MB / 26.11MB 4.3s
#5 sha256:7abf9f73c7747bb840a8edcd895830e53f09498136de3015568a9cd9f5ab10ed 14.68MB / 26.11MB 5.0s
#5 sha256:7abf9f73c7747bb840a8edcd895830e53f09498136de3015568a9cd9f5ab10ed 16.78MB / 26.11MB 5.7s
#5 sha256:7abf9f73c7747bb840a8edcd895830e53f09498136de3015568a9cd9f5ab10ed 18.87MB / 26.11MB 6.5s
#5 sha256:7abf9f73c7747bb840a8edcd895830e53f09498136de3015568a9cd9f5ab10ed 20.97MB / 26.11MB 7.3s
#5 sha256:7abf9f73c7747bb840a8edcd895830e53f09498136de3015568a9cd9f5ab10ed 23.07MB / 26.11MB 8.4s
#5 sha256:7abf9f73c7747bb840a8edcd895830e53f09498136de3015568a9cd9f5ab10ed 25.17MB / 26.11MB 8.9s
#5 sha256:7abf9f73c7747bb840a8edcd895830e53f09498136de3015568a9cd9f5ab10ed 26.11MB / 26.11MB 9.2s done
#5 extracting sha256:7abf9f73c7747bb840a8edcd895830e53f09498136de3015568a9cd9f5ab10ed
#5 ...

#6 [builder 1/4] FROM docker.io/library/debian:bullseye-slim@sha256:b257e5e831aa9949737638f6d323cd563347b2a5571d98b9b15eef0c7cd80b68
#6 resolve docker.io/library/debian:bullseye-slim@sha256:b257e5e831aa9949737638f6d323cd563347b2a5571d98b9b15eef0c7cd80b68 done
#6 sha256:b257e5e831aa9949737638f6d323cd563347b2a5571d98b9b15eef0c7cd80b68 1.85kB / 1.85kB done
#6 sha256:35c5df9d76f8781f90071c26e89573544d2ea214ba336ca716d0127329c4f4ec 529B / 529B done
#6 sha256:6e78b15c5a73dcfd93bac36bf2dcec83ad038359648fbdc56cef31258bf0586a 1.48kB / 1.48kB done
#6 sha256:bd2a3a2ed82de858b38215fac995414b3a91eea4cfe087e5f853ec1faa989ba4 7.34MB / 30.08MB 10.0s
#6 ...

#5 [stage-1 1/5] FROM docker.io/library/debian:buster-slim@sha256:bb3dc79fddbca7e8903248ab916bb775c96ec61014b3d02b4f06043b604726dc
#5 extracting sha256:7abf9f73c7747bb840a8edcd895830e53f09498136de3015568a9cd9f5ab10ed 1.1s done
#5 DONE 10.5s

#6 [builder 1/4] FROM docker.io/library/debian:bullseye-slim@sha256:b257e5e831aa9949737638f6d323cd563347b2a5571d98b9b15eef0c7cd80b68
#6 ...

#7 [stage-1 2/5] RUN apt-get update &&     apt-get install --no-install-recommends -y ca-certificates &&     rm -rf /var/lib/apt/lists/*
#7 0.746 Get:1 http://deb.debian.org/debian buster InRelease [122 kB]
#7 1.046 Get:2 http://deb.debian.org/debian-security buster/updates InRelease [34.8 kB]
#7 1.107 Get:3 http://deb.debian.org/debian buster-updates InRelease [56.6 kB]
#7 1.209 Get:4 http://deb.debian.org/debian buster/main arm64 Packages [7737 kB]
#7 ...

#6 [builder 1/4] FROM docker.io/library/debian:bullseye-slim@sha256:b257e5e831aa9949737638f6d323cd563347b2a5571d98b9b15eef0c7cd80b68
#6 sha256:bd2a3a2ed82de858b38215fac995414b3a91eea4cfe087e5f853ec1faa989ba4 16.78MB / 30.08MB 15.9s
#6 ...

#7 [stage-1 2/5] RUN apt-get update &&     apt-get install --no-install-recommends -y ca-certificates &&     rm -rf /var/lib/apt/lists/*
#7 5.652 Get:5 http://deb.debian.org/debian-security buster/updates/main arm64 Packages [600 kB]
#7 5.946 Get:6 http://deb.debian.org/debian buster-updates/main arm64 Packages [8780 B]
#7 6.515 Fetched 8559 kB in 6s (1370 kB/s)
#7 6.515 Reading package lists...
#7 6.979 Reading package lists...
#7 7.392 Building dependency tree...
#7 7.485 Reading state information...
#7 7.570 The following additional packages will be installed:
#7 7.570   libssl1.1 openssl
#7 7.582 The following NEW packages will be installed:
#7 7.582   ca-certificates libssl1.1 openssl
#7 8.701 0 upgraded, 3 newly installed, 0 to remove and 2 not upgraded.
#7 8.701 Need to get 2395 kB of archives.
#7 8.701 After this operation, 5689 kB of additional disk space will be used.
#7 8.701 Get:1 http://deb.debian.org/debian-security buster/updates/main arm64 libssl1.1 arm64 1.1.1n-0+deb10u6 [1395 kB]
#7 10.09 Get:2 http://deb.debian.org/debian-security buster/updates/main arm64 openssl arm64 1.1.1n-0+deb10u6 [834 kB]
#7 10.46 Get:3 http://deb.debian.org/debian buster/main arm64 ca-certificates all 20200601~deb10u2 [166 kB]
#7 10.62 debconf: delaying package configuration, since apt-utils is not installed
#7 10.63 Fetched 2395 kB in 3s (810 kB/s)
#7 10.65 Selecting previously unselected package libssl1.1:arm64.
#7 10.65 (Reading database ... 
(Reading database ... 5%
(Reading database ... 10%
(Reading database ... 15%
(Reading database ... 20%
(Reading database ... 25%
(Reading database ... 30%
(Reading database ... 35%
(Reading database ... 40%
(Reading database ... 45%
(Reading database ... 50%
(Reading database ... 55%
(Reading database ... 60%
(Reading database ... 65%
(Reading database ... 70%
(Reading database ... 75%
(Reading database ... 80%
(Reading database ... 85%
(Reading database ... 90%
(Reading database ... 95%
(Reading database ... 100%
(Reading database ... 6426 files and directories currently installed.)
#7 10.66 Preparing to unpack .../libssl1.1_1.1.1n-0+deb10u6_arm64.deb ...
#7 10.66 Unpacking libssl1.1:arm64 (1.1.1n-0+deb10u6) ...
#7 10.74 Selecting previously unselected package openssl.
#7 ...

#6 [builder 1/4] FROM docker.io/library/debian:bullseye-slim@sha256:b257e5e831aa9949737638f6d323cd563347b2a5571d98b9b15eef0c7cd80b68
#6 sha256:bd2a3a2ed82de858b38215fac995414b3a91eea4cfe087e5f853ec1faa989ba4 30.08MB / 30.08MB 20.1s done
#6 extracting sha256:bd2a3a2ed82de858b38215fac995414b3a91eea4cfe087e5f853ec1faa989ba4 1.1s done
#6 DONE 21.3s

#7 [stage-1 2/5] RUN apt-get update &&     apt-get install --no-install-recommends -y ca-certificates &&     rm -rf /var/lib/apt/lists/*
#7 10.74 Preparing to unpack .../openssl_1.1.1n-0+deb10u6_arm64.deb ...
#7 10.74 Unpacking openssl (1.1.1n-0+deb10u6) ...
#7 10.80 Selecting previously unselected package ca-certificates.
#7 10.80 Preparing to unpack .../ca-certificates_20200601~deb10u2_all.deb ...
#7 10.81 Unpacking ca-certificates (20200601~deb10u2) ...
#7 10.85 Setting up libssl1.1:arm64 (1.1.1n-0+deb10u6) ...
#7 ...

#8 [builder 2/4] RUN apt-get update &&     apt-get install --no-install-recommends -y gnupg curl ca-certificates &&     rm -rf /var/lib/apt/lists/*
#8 1.359 Get:1 http://deb.debian.org/debian bullseye InRelease [116 kB]
#8 ...

#7 [stage-1 2/5] RUN apt-get update &&     apt-get install --no-install-recommends -y ca-certificates &&     rm -rf /var/lib/apt/lists/*
#7 10.89 debconf: unable to initialize frontend: Dialog
#7 10.89 debconf: (TERM is not set, so the dialog frontend is not usable.)
#7 10.89 debconf: falling back to frontend: Readline
#7 10.89 debconf: unable to initialize frontend: Readline
#7 10.89 debconf: (Can't locate Term/ReadLine.pm in @INC (you may need to install the Term::ReadLine module) (@INC contains: /etc/perl /usr/local/lib/aarch64-linux-gnu/perl/5.28.1 /usr/local/share/perl/5.28.1 /usr/lib/aarch64-linux-gnu/perl5/5.28 /usr/share/perl5 /usr/lib/aarch64-linux-gnu/perl/5.28 /usr/share/perl/5.28 /usr/local/lib/site_perl /usr/lib/aarch64-linux-gnu/perl-base) at /usr/share/perl5/Debconf/FrontEnd/Readline.pm line 7.)
#7 10.89 debconf: falling back to frontend: Teletype
#7 10.91 Setting up openssl (1.1.1n-0+deb10u6) ...
#7 10.91 Setting up ca-certificates (20200601~deb10u2) ...
#7 10.95 debconf: unable to initialize frontend: Dialog
#7 10.95 debconf: (TERM is not set, so the dialog frontend is not usable.)
#7 10.95 debconf: falling back to frontend: Readline
#7 10.95 debconf: unable to initialize frontend: Readline
#7 10.95 debconf: (Can't locate Term/ReadLine.pm in @INC (you may need to install the Term::ReadLine module) (@INC contains: /etc/perl /usr/local/lib/aarch64-linux-gnu/perl/5.28.1 /usr/local/share/perl/5.28.1 /usr/lib/aarch64-linux-gnu/perl5/5.28 /usr/share/perl5 /usr/lib/aarch64-linux-gnu/perl/5.28 /usr/share/perl/5.28 /usr/local/lib/site_perl /usr/lib/aarch64-linux-gnu/perl-base) at /usr/share/perl5/Debconf/FrontEnd/Readline.pm line 7.)
#7 10.95 debconf: falling back to frontend: Teletype
#7 11.16 Updating certificates in /etc/ssl/certs...
#7 11.52 137 added, 0 removed; done.
#7 11.54 Processing triggers for libc-bin (2.28-10+deb10u3) ...
#7 11.55 Processing triggers for ca-certificates (20200601~deb10u2) ...
#7 11.55 Updating certificates in /etc/ssl/certs...
#7 11.79 0 added, 0 removed; done.
#7 11.79 Running hooks in /etc/ca-certificates/update.d...
#7 11.79 done.
#7 DONE 12.3s

#8 [builder 2/4] RUN apt-get update &&     apt-get install --no-install-recommends -y gnupg curl ca-certificates &&     rm -rf /var/lib/apt/lists/*
#8 1.610 Get:2 http://deb.debian.org/debian-security bullseye-security InRelease [48.4 kB]
#8 1.655 Get:3 http://deb.debian.org/debian bullseye-updates InRelease [44.1 kB]
#8 1.696 Get:4 http://deb.debian.org/debian bullseye/main arm64 Packages [7956 kB]
#8 4.435 Get:5 http://deb.debian.org/debian-security bullseye-security/main arm64 Packages [276 kB]
#8 4.572 Get:6 http://deb.debian.org/debian bullseye-updates/main arm64 Packages [16.3 kB]
#8 5.119 Fetched 8456 kB in 5s (1696 kB/s)
#8 5.119 Reading package lists...
#8 5.548 Reading package lists...
#8 5.911 Building dependency tree...
#8 6.004 Reading state information...
#8 6.127 The following additional packages will be installed:
#8 6.127   dirmngr gnupg-l10n gnupg-utils gpg gpg-agent gpg-wks-client gpg-wks-server
#8 6.127   gpgconf gpgsm libassuan0 libbrotli1 libcurl4 libksba8 libldap-2.4-2
#8 6.127   libncursesw6 libnghttp2-14 libnpth0 libpsl5 libreadline8 librtmp1 libsasl2-2
#8 6.127   libsasl2-modules-db libsqlite3-0 libssh2-1 openssl pinentry-curses
#8 6.127   readline-common
#8 6.127 Suggested packages:
#8 6.127   dbus-user-session libpam-systemd pinentry-gnome3 tor parcimonie xloadimage
#8 6.127   scdaemon pinentry-doc readline-doc
#8 6.127 Recommended packages:
#8 6.127   libldap-common libgpm2 publicsuffix libsasl2-modules
#8 6.264 The following NEW packages will be installed:
#8 6.264   ca-certificates curl dirmngr gnupg gnupg-l10n gnupg-utils gpg gpg-agent
#8 6.264   gpg-wks-client gpg-wks-server gpgconf gpgsm libassuan0 libbrotli1 libcurl4
#8 6.264   libksba8 libldap-2.4-2 libncursesw6 libnghttp2-14 libnpth0 libpsl5
#8 6.264   libreadline8 librtmp1 libsasl2-2 libsasl2-modules-db libsqlite3-0 libssh2-1
#8 6.264   openssl pinentry-curses readline-common
#8 6.339 0 upgraded, 30 newly installed, 0 to remove and 0 not upgraded.
#8 6.339 Need to get 11.2 MB of archives.
#8 6.339 After this operation, 23.5 MB of additional disk space will be used.
#8 6.339 Get:1 http://deb.debian.org/debian bullseye/main arm64 readline-common all 8.1-1 [73.7 kB]
#8 6.480 Get:2 http://deb.debian.org/debian bullseye/main arm64 libreadline8 arm64 8.1-1 [160 kB]
#8 6.536 Get:3 http://deb.debian.org/debian bullseye/main arm64 openssl arm64 1.1.1w-0+deb11u1 [837 kB]
#8 6.877 Get:4 http://deb.debian.org/debian bullseye/main arm64 ca-certificates all 20210119 [158 kB]
#8 6.948 Get:5 http://deb.debian.org/debian bullseye/main arm64 libbrotli1 arm64 1.0.9-2+b2 [267 kB]
#8 7.104 Get:6 http://deb.debian.org/debian bullseye/main arm64 libsasl2-modules-db arm64 2.1.27+dfsg-2.1+deb11u1 [69.4 kB]
#8 7.143 Get:7 http://deb.debian.org/debian bullseye/main arm64 libsasl2-2 arm64 2.1.27+dfsg-2.1+deb11u1 [105 kB]
#8 7.189 Get:8 http://deb.debian.org/debian bullseye/main arm64 libldap-2.4-2 arm64 2.4.57+dfsg-3+deb11u1 [222 kB]
#8 7.273 Get:9 http://deb.debian.org/debian bullseye/main arm64 libnghttp2-14 arm64 1.43.0-1+deb11u1 [74.2 kB]
#8 7.315 Get:10 http://deb.debian.org/debian bullseye/main arm64 libpsl5 arm64 0.21.0-1.2 [57.1 kB]
#8 7.337 Get:11 http://deb.debian.org/debian bullseye/main arm64 librtmp1 arm64 2.4+20151223.gitfa8646d.1-2+b2 [59.4 kB]
#8 7.361 Get:12 http://deb.debian.org/debian bullseye/main arm64 libssh2-1 arm64 1.9.0-2+deb11u1 [150 kB]
#8 7.423 Get:13 http://deb.debian.org/debian bullseye/main arm64 libcurl4 arm64 7.74.0-1.3+deb11u12 [327 kB]
#8 7.550 Get:14 http://deb.debian.org/debian bullseye/main arm64 curl arm64 7.74.0-1.3+deb11u12 [265 kB]
#8 7.656 Get:15 http://deb.debian.org/debian bullseye/main arm64 libassuan0 arm64 2.5.3-7.1 [48.0 kB]
#8 7.667 Get:16 http://deb.debian.org/debian bullseye/main arm64 gpgconf arm64 2.2.27-2+deb11u2 [540 kB]
#8 7.881 Get:17 http://deb.debian.org/debian bullseye/main arm64 libksba8 arm64 1.5.0-3+deb11u2 [115 kB]
#8 7.914 Get:18 http://deb.debian.org/debian bullseye/main arm64 libnpth0 arm64 1.6-3 [18.6 kB]
#8 7.924 Get:19 http://deb.debian.org/debian bullseye/main arm64 dirmngr arm64 2.2.27-2+deb11u2 [743 kB]
#8 8.369 Get:20 http://deb.debian.org/debian bullseye/main arm64 gnupg-l10n all 2.2.27-2+deb11u2 [1086 kB]
#8 8.794 Get:21 http://deb.debian.org/debian bullseye/main arm64 gnupg-utils arm64 2.2.27-2+deb11u2 [864 kB]
#8 9.162 Get:22 http://deb.debian.org/debian bullseye/main arm64 libsqlite3-0 arm64 3.34.1-3 [750 kB]
#8 9.443 Get:23 http://deb.debian.org/debian bullseye/main arm64 gpg arm64 2.2.27-2+deb11u2 [884 kB]
#8 9.756 Get:24 http://deb.debian.org/debian bullseye/main arm64 libncursesw6 arm64 6.2+20201114-2+deb11u2 [121 kB]
#8 9.814 Get:25 http://deb.debian.org/debian bullseye/main arm64 pinentry-curses arm64 1.1.0-4 [63.0 kB]
#8 9.822 Get:26 http://deb.debian.org/debian bullseye/main arm64 gpg-agent arm64 2.2.27-2+deb11u2 [651 kB]
#8 10.07 Get:27 http://deb.debian.org/debian bullseye/main arm64 gpg-wks-client arm64 2.2.27-2+deb11u2 [517 kB]
#8 10.26 Get:28 http://deb.debian.org/debian bullseye/main arm64 gpg-wks-server arm64 2.2.27-2+deb11u2 [510 kB]
#8 10.47 Get:29 http://deb.debian.org/debian bullseye/main arm64 gpgsm arm64 2.2.27-2+deb11u2 [627 kB]
#8 10.66 Get:30 http://deb.debian.org/debian bullseye/main arm64 gnupg all 2.2.27-2+deb11u2 [825 kB]
#8 11.02 debconf: delaying package configuration, since apt-utils is not installed
#8 11.03 Fetched 11.2 MB in 5s (2402 kB/s)
#8 11.05 Selecting previously unselected package readline-common.
#8 11.05 (Reading database ... 
(Reading database ... 5%
(Reading database ... 10%
(Reading database ... 15%
(Reading database ... 20%
(Reading database ... 25%
(Reading database ... 30%
(Reading database ... 35%
(Reading database ... 40%
(Reading database ... 45%
(Reading database ... 50%
(Reading database ... 55%
(Reading database ... 60%
(Reading database ... 65%
(Reading database ... 70%
(Reading database ... 75%
(Reading database ... 80%
(Reading database ... 85%
(Reading database ... 90%
(Reading database ... 95%
(Reading database ... 100%
(Reading database ... 6662 files and directories currently installed.)
#8 11.05 Preparing to unpack .../00-readline-common_8.1-1_all.deb ...
#8 11.06 Unpacking readline-common (8.1-1) ...
#8 11.07 Selecting previously unselected package libreadline8:arm64.
#8 11.07 Preparing to unpack .../01-libreadline8_8.1-1_arm64.deb ...
#8 11.08 Unpacking libreadline8:arm64 (8.1-1) ...
#8 11.10 Selecting previously unselected package openssl.
#8 11.10 Preparing to unpack .../02-openssl_1.1.1w-0+deb11u1_arm64.deb ...
#8 11.10 Unpacking openssl (1.1.1w-0+deb11u1) ...
#8 11.15 Selecting previously unselected package ca-certificates.
#8 11.15 Preparing to unpack .../03-ca-certificates_20210119_all.deb ...
#8 11.16 Unpacking ca-certificates (20210119) ...
#8 11.19 Selecting previously unselected package libbrotli1:arm64.
#8 11.19 Preparing to unpack .../04-libbrotli1_1.0.9-2+b2_arm64.deb ...
#8 11.19 Unpacking libbrotli1:arm64 (1.0.9-2+b2) ...
#8 11.22 Selecting previously unselected package libsasl2-modules-db:arm64.
#8 11.22 Preparing to unpack .../05-libsasl2-modules-db_2.1.27+dfsg-2.1+deb11u1_arm64.deb ...
#8 11.22 Unpacking libsasl2-modules-db:arm64 (2.1.27+dfsg-2.1+deb11u1) ...
#8 11.23 Selecting previously unselected package libsasl2-2:arm64.
#8 11.23 Preparing to unpack .../06-libsasl2-2_2.1.27+dfsg-2.1+deb11u1_arm64.deb ...
#8 11.24 Unpacking libsasl2-2:arm64 (2.1.27+dfsg-2.1+deb11u1) ...
#8 11.25 Selecting previously unselected package libldap-2.4-2:arm64.
#8 11.25 Preparing to unpack .../07-libldap-2.4-2_2.4.57+dfsg-3+deb11u1_arm64.deb ...
#8 11.26 Unpacking libldap-2.4-2:arm64 (2.4.57+dfsg-3+deb11u1) ...
#8 11.28 Selecting previously unselected package libnghttp2-14:arm64.
#8 11.28 Preparing to unpack .../08-libnghttp2-14_1.43.0-1+deb11u1_arm64.deb ...
#8 11.28 Unpacking libnghttp2-14:arm64 (1.43.0-1+deb11u1) ...
#8 11.30 Selecting previously unselected package libpsl5:arm64.
#8 11.30 Preparing to unpack .../09-libpsl5_0.21.0-1.2_arm64.deb ...
#8 11.30 Unpacking libpsl5:arm64 (0.21.0-1.2) ...
#8 11.31 Selecting previously unselected package librtmp1:arm64.
#8 11.31 Preparing to unpack .../10-librtmp1_2.4+20151223.gitfa8646d.1-2+b2_arm64.deb ...
#8 11.31 Unpacking librtmp1:arm64 (2.4+20151223.gitfa8646d.1-2+b2) ...
#8 11.33 Selecting previously unselected package libssh2-1:arm64.
#8 11.33 Preparing to unpack .../11-libssh2-1_1.9.0-2+deb11u1_arm64.deb ...
#8 11.33 Unpacking libssh2-1:arm64 (1.9.0-2+deb11u1) ...
#8 11.35 Selecting previously unselected package libcurl4:arm64.
#8 11.35 Preparing to unpack .../12-libcurl4_7.74.0-1.3+deb11u12_arm64.deb ...
#8 11.35 Unpacking libcurl4:arm64 (7.74.0-1.3+deb11u12) ...
#8 11.37 Selecting previously unselected package curl.
#8 11.37 Preparing to unpack .../13-curl_7.74.0-1.3+deb11u12_arm64.deb ...
#8 11.38 Unpacking curl (7.74.0-1.3+deb11u12) ...
#8 11.40 Selecting previously unselected package libassuan0:arm64.
#8 11.40 Preparing to unpack .../14-libassuan0_2.5.3-7.1_arm64.deb ...
#8 11.40 Unpacking libassuan0:arm64 (2.5.3-7.1) ...
#8 11.41 Selecting previously unselected package gpgconf.
#8 11.41 Preparing to unpack .../15-gpgconf_2.2.27-2+deb11u2_arm64.deb ...
#8 11.41 Unpacking gpgconf (2.2.27-2+deb11u2) ...
#8 11.44 Selecting previously unselected package libksba8:arm64.
#8 11.44 Preparing to unpack .../16-libksba8_1.5.0-3+deb11u2_arm64.deb ...
#8 11.44 Unpacking libksba8:arm64 (1.5.0-3+deb11u2) ...
#8 11.45 Selecting previously unselected package libnpth0:arm64.
#8 11.46 Preparing to unpack .../17-libnpth0_1.6-3_arm64.deb ...
#8 11.46 Unpacking libnpth0:arm64 (1.6-3) ...
#8 11.47 Selecting previously unselected package dirmngr.
#8 11.47 Preparing to unpack .../18-dirmngr_2.2.27-2+deb11u2_arm64.deb ...
#8 11.47 Unpacking dirmngr (2.2.27-2+deb11u2) ...
#8 11.51 Selecting previously unselected package gnupg-l10n.
#8 11.51 Preparing to unpack .../19-gnupg-l10n_2.2.27-2+deb11u2_all.deb ...
#8 11.51 Unpacking gnupg-l10n (2.2.27-2+deb11u2) ...
#8 11.57 Selecting previously unselected package gnupg-utils.
#8 11.57 Preparing to unpack .../20-gnupg-utils_2.2.27-2+deb11u2_arm64.deb ...
#8 11.57 Unpacking gnupg-utils (2.2.27-2+deb11u2) ...
#8 11.61 Selecting previously unselected package libsqlite3-0:arm64.
#8 11.61 Preparing to unpack .../21-libsqlite3-0_3.34.1-3_arm64.deb ...
#8 11.61 Unpacking libsqlite3-0:arm64 (3.34.1-3) ...
#8 11.65 Selecting previously unselected package gpg.
#8 11.65 Preparing to unpack .../22-gpg_2.2.27-2+deb11u2_arm64.deb ...
#8 11.65 Unpacking gpg (2.2.27-2+deb11u2) ...
#8 11.69 Selecting previously unselected package libncursesw6:arm64.
#8 11.70 Preparing to unpack .../23-libncursesw6_6.2+20201114-2+deb11u2_arm64.deb ...
#8 11.70 Unpacking libncursesw6:arm64 (6.2+20201114-2+deb11u2) ...
#8 11.71 Selecting previously unselected package pinentry-curses.
#8 11.71 Preparing to unpack .../24-pinentry-curses_1.1.0-4_arm64.deb ...
#8 11.71 Unpacking pinentry-curses (1.1.0-4) ...
#8 11.73 Selecting previously unselected package gpg-agent.
#8 11.73 Preparing to unpack .../25-gpg-agent_2.2.27-2+deb11u2_arm64.deb ...
#8 11.73 Unpacking gpg-agent (2.2.27-2+deb11u2) ...
#8 11.76 Selecting previously unselected package gpg-wks-client.
#8 11.76 Preparing to unpack .../26-gpg-wks-client_2.2.27-2+deb11u2_arm64.deb ...
#8 11.76 Unpacking gpg-wks-client (2.2.27-2+deb11u2) ...
#8 11.78 Selecting previously unselected package gpg-wks-server.
#8 11.78 Preparing to unpack .../27-gpg-wks-server_2.2.27-2+deb11u2_arm64.deb ...
#8 11.78 Unpacking gpg-wks-server (2.2.27-2+deb11u2) ...
#8 11.80 Selecting previously unselected package gpgsm.
#8 11.80 Preparing to unpack .../28-gpgsm_2.2.27-2+deb11u2_arm64.deb ...
#8 11.80 Unpacking gpgsm (2.2.27-2+deb11u2) ...
#8 11.83 Selecting previously unselected package gnupg.
#8 11.83 Preparing to unpack .../29-gnupg_2.2.27-2+deb11u2_all.deb ...
#8 11.83 Unpacking gnupg (2.2.27-2+deb11u2) ...
#8 11.86 Setting up libksba8:arm64 (1.5.0-3+deb11u2) ...
#8 11.87 Setting up libpsl5:arm64 (0.21.0-1.2) ...
#8 11.87 Setting up libbrotli1:arm64 (1.0.9-2+b2) ...
#8 11.87 Setting up libsqlite3-0:arm64 (3.34.1-3) ...
#8 11.88 Setting up libnghttp2-14:arm64 (1.43.0-1+deb11u1) ...
#8 11.88 Setting up libnpth0:arm64 (1.6-3) ...
#8 11.89 Setting up libassuan0:arm64 (2.5.3-7.1) ...
#8 11.89 Setting up libsasl2-modules-db:arm64 (2.1.27+dfsg-2.1+deb11u1) ...
#8 11.89 Setting up gnupg-l10n (2.2.27-2+deb11u2) ...
#8 11.90 Setting up librtmp1:arm64 (2.4+20151223.gitfa8646d.1-2+b2) ...
#8 11.90 Setting up libncursesw6:arm64 (6.2+20201114-2+deb11u2) ...
#8 11.91 Setting up libsasl2-2:arm64 (2.1.27+dfsg-2.1+deb11u1) ...
#8 11.91 Setting up libssh2-1:arm64 (1.9.0-2+deb11u1) ...
#8 11.92 Setting up openssl (1.1.1w-0+deb11u1) ...
#8 11.92 Setting up readline-common (8.1-1) ...
#8 11.93 Setting up pinentry-curses (1.1.0-4) ...
#8 11.93 Setting up libreadline8:arm64 (8.1-1) ...
#8 11.94 Setting up libldap-2.4-2:arm64 (2.4.57+dfsg-3+deb11u1) ...
#8 11.94 Setting up ca-certificates (20210119) ...
#8 11.98 debconf: unable to initialize frontend: Dialog
#8 11.98 debconf: (TERM is not set, so the dialog frontend is not usable.)
#8 11.98 debconf: falling back to frontend: Readline
#8 11.98 debconf: unable to initialize frontend: Readline
#8 11.98 debconf: (Can't locate Term/ReadLine.pm in @INC (you may need to install the Term::ReadLine module) (@INC contains: /etc/perl /usr/local/lib/aarch64-linux-gnu/perl/5.32.1 /usr/local/share/perl/5.32.1 /usr/lib/aarch64-linux-gnu/perl5/5.32 /usr/share/perl5 /usr/lib/aarch64-linux-gnu/perl-base /usr/lib/aarch64-linux-gnu/perl/5.32 /usr/share/perl/5.32 /usr/local/lib/site_perl) at /usr/share/perl5/Debconf/FrontEnd/Readline.pm line 7.)
#8 11.98 debconf: falling back to frontend: Teletype
#8 12.14 Updating certificates in /etc/ssl/certs...
#8 12.36 129 added, 0 removed; done.
#8 12.38 Setting up gpgconf (2.2.27-2+deb11u2) ...
#8 12.38 Setting up libcurl4:arm64 (7.74.0-1.3+deb11u12) ...
#8 12.38 Setting up curl (7.74.0-1.3+deb11u12) ...
#8 12.39 Setting up gpg (2.2.27-2+deb11u2) ...
#8 12.39 Setting up gnupg-utils (2.2.27-2+deb11u2) ...
#8 12.40 Setting up gpg-agent (2.2.27-2+deb11u2) ...
#8 12.61 Setting up gpgsm (2.2.27-2+deb11u2) ...
#8 12.61 Setting up dirmngr (2.2.27-2+deb11u2) ...
#8 12.67 Setting up gpg-wks-server (2.2.27-2+deb11u2) ...
#8 12.68 Setting up gpg-wks-client (2.2.27-2+deb11u2) ...
#8 12.68 Setting up gnupg (2.2.27-2+deb11u2) ...
#8 12.69 Processing triggers for libc-bin (2.31-13+deb11u10) ...
#8 12.70 Processing triggers for ca-certificates (20210119) ...
#8 12.70 Updating certificates in /etc/ssl/certs...
#8 12.87 0 added, 0 removed; done.
#8 12.87 Running hooks in /etc/ca-certificates/update.d...
#8 12.87 done.
#8 DONE 12.9s

#9 [builder 3/4] WORKDIR /tmp
#9 DONE 0.0s

#10 [builder 4/4] RUN curl -SLO https://download.litecoin.org/litecoin-0.21.3/davidburkett38-key.pgp &&     gpg --import /tmp/davidburkett38-key.pgp &&     curl -SLO https://download.litecoin.org/litecoin-0.21.3/linux/litecoin-0.21.3-aarch64-linux-gnu.tar.gz &&     curl -SLO https://download.litecoin.org/litecoin-0.21.3/SHA256SUMS.asc &&     gpg --verify SHA256SUMS.asc &&     grep "litecoin-0.21.3-aarch64-linux-gnu.tar.gz" SHA256SUMS.asc | sha256sum -c - &&     tar -xzf litecoin-0.21.3-aarch64-linux-gnu.tar.gz -C /tmp --strip-components=1 &&     rm /tmp/litecoin-0.21.3-aarch64-linux-gnu.tar.gz &&     rm /tmp/davidburkett38-key.pgp &&     rm /tmp/SHA256SUMS.asc
#10 0.128   % Total    % Received % Xferd  Average Speed   Time    Time     Time  Current
#10 0.128                                  Dload  Upload   Total   Spent    Left  Speed
#10 0.128 
  0     0    0     0    0     0      0      0 --:--:-- --:--:-- --:--:--     0
  0     0    0     0    0     0      0      0 --:--:-- --:--:-- --:--:--     0
100  3211  100  3211    0     0   2496      0  0:00:01  0:00:01 --:--:--  2496
#10 1.427 gpg: directory '/root/.gnupg' created
#10 1.428 gpg: keybox '/root/.gnupg/pubring.kbx' created
#10 1.431 gpg: /root/.gnupg/trustdb.gpg: trustdb created
#10 1.431 gpg: key 3620E9D387E55666: public key "David Burkett <davidburkett38@gmail.com>" imported
#10 1.439 gpg: Total number processed: 1
#10 1.439 gpg:               imported: 1
#10 1.447   % Total    % Received % Xferd  Average Speed   Time    Time     Time  Current
#10 1.447                                  Dload  Upload   Total   Spent    Left  Speed
#10 1.447 
  0     0    0     0    0     0      0      0 --:--:-- --:--:-- --:--:--     0
  0     0    0     0    0     0      0      0 --:--:-- --:--:-- --:--:--     0
  8 33.7M    8 2973k    0     0  2909k      0  0:00:11  0:00:01  0:00:10 2906k
 19 33.7M   19 6749k    0     0  3352k      0  0:00:10  0:00:02  0:00:08 3351k
 30 33.7M   30 10.3M    0     0  3514k      0  0:00:09  0:00:03  0:00:06 3513k
 41 33.7M   41 14.0M    0     0  3591k      0  0:00:09  0:00:04  0:00:05 3590k
 52 33.7M   52 17.8M    0     0  3591k      0  0:00:09  0:00:05  0:00:04 3610k
 62 33.7M   62 21.0M    0     0  3588k      0  0:00:09  0:00:06  0:00:03 3727k
 72 33.7M   72 24.5M    0     0  3579k      0  0:00:09  0:00:07  0:00:02 3670k
 82 33.7M   82 27.9M    0     0  3571k      0  0:00:09  0:00:08  0:00:01 3606k
 92 33.7M   92 31.4M    0     0  3569k      0  0:00:09  0:00:09 --:--:-- 3552k
100 33.7M  100 33.7M    0     0  3568k      0  0:00:09  0:00:09 --:--:-- 3543k
#10 11.16   % Total    % Received % Xferd  Average Speed   Time    Time     Time  Current
#10 11.16                                  Dload  Upload   Total   Spent    Left  Speed
#10 11.16 
  0     0    0     0    0     0      0      0 --:--:-- --:--:-- --:--:--     0
  0     0    0     0    0     0      0      0 --:--:-- --:--:-- --:--:--     0
  0     0    0     0    0     0      0      0 --:--:--  0:00:01 --:--:--     0
100  1775  100  1775    0     0   1095      0  0:00:01  0:00:01 --:--:--  1094
#10 12.78 gpg: Signature made Fri Mar 29 11:36:24 2024 UTC
#10 12.78 gpg:                using RSA key D35621D53A1CC6A3456758D03620E9D387E55666
#10 12.79 gpg: Good signature from "David Burkett <davidburkett38@gmail.com>" [expired]
#10 12.79 gpg: Note: This key has expired!
#10 12.79 Primary key fingerprint: D356 21D5 3A1C C6A3 4567  58D0 3620 E9D3 87E5 5666
#10 12.92 litecoin-0.21.3-aarch64-linux-gnu.tar.gz: OK
#10 DONE 13.6s

#11 [stage-1 3/5] COPY --from=builder /tmp/bin /usr/local/litecoin/bin
#11 DONE 0.1s

#12 [stage-1 4/5] WORKDIR /opt/litecoin
#12 DONE 0.0s

#13 [stage-1 5/5] RUN addgroup --system litecoin && adduser --system --ingroup litecoin litecoin && chown -R litecoin:litecoin /opt/litecoin /usr/local/litecoin
#13 0.112 Adding group `litecoin' (GID 101) ...
#13 0.119 Done.
#13 0.132 Adding system user `litecoin' (UID 101) ...
#13 0.132 Adding new user `litecoin' (UID 101) with group `litecoin' ...
#13 0.153 Creating home directory `/home/litecoin' ...
#13 DONE 0.3s

#14 exporting to image
#14 exporting layers 0.1s done
#14 writing image sha256:d170298a7b1f4ea51368c9a0d6976649e26d84f97e58691e5e4c3ab2110e0140
#14 writing image sha256:d170298a7b1f4ea51368c9a0d6976649e26d84f97e58691e5e4c3ab2110e0140 done
#14 naming to docker.io/library/litecoin:0.1.0 done
#14 DONE 0.2s

View build details: docker-desktop://dashboard/build/desktop-linux/desktop-linux/btlgbidonxxv8g9uls55nlw4w
