#0 building with "desktop-linux" instance using docker driver

#1 [internal] load build definition from Dockerfile
#1 transferring dockerfile: 1.63kB done
#1 DONE 0.0s

#2 [internal] load metadata for docker.io/library/ubuntu:20.04
#2 ...

#3 [internal] load metadata for docker.io/library/alpine:3.20.2
#3 DONE 2.6s

#2 [internal] load metadata for docker.io/library/ubuntu:20.04
#2 ...

#4 [auth] library/ubuntu:pull token for registry-1.docker.io
#4 DONE 0.0s

#2 [internal] load metadata for docker.io/library/ubuntu:20.04
#2 DONE 4.9s

#5 [internal] load .dockerignore
#5 transferring context: 2B done
#5 DONE 0.0s

#6 [builder 1/5] FROM docker.io/library/ubuntu:20.04@sha256:0b897358ff6624825fb50d20ffb605ab0eaea77ced0adb8c6a4b756513dec6fc
#6 CACHED

#7 [runtime 1/4] FROM docker.io/library/alpine:3.20.2@sha256:0a4eaa0eecf5f8c050e5bba433f58c052be7587ee8af3e8b3910ef9ab5fbe9f5
#7 CACHED

#8 [runtime 2/4] RUN apk add --no-cache ca-certificates
#8 0.147 fetch https://dl-cdn.alpinelinux.org/alpine/v3.20/main/aarch64/APKINDEX.tar.gz
#8 2.261 fetch https://dl-cdn.alpinelinux.org/alpine/v3.20/community/aarch64/APKINDEX.tar.gz
#8 4.326 (1/1) Installing ca-certificates (20240705-r0)
#8 4.500 Executing busybox-1.36.1-r29.trigger
#8 4.512 Executing ca-certificates-20240705-r0.trigger
#8 4.539 OK: 10 MiB in 15 packages
#8 DONE 4.6s

#9 [builder 2/5] RUN apt-get update -y &&     apt-get install --no-install-recommends -y gnupg curl ca-certificates &&     rm -rf /var/lib/apt/lists/*
#9 1.844 Get:1 http://ports.ubuntu.com/ubuntu-ports focal InRelease [265 kB]
#9 6.061 Get:2 http://ports.ubuntu.com/ubuntu-ports focal-updates InRelease [128 kB]
#9 7.158 Get:3 http://ports.ubuntu.com/ubuntu-ports focal-backports InRelease [128 kB]
#9 7.857 Get:4 http://ports.ubuntu.com/ubuntu-ports focal-security InRelease [128 kB]
#9 8.869 Get:5 http://ports.ubuntu.com/ubuntu-ports focal/main arm64 Packages [1234 kB]
#9 25.79 Get:6 http://ports.ubuntu.com/ubuntu-ports focal/restricted arm64 Packages [1317 B]
#9 25.79 Get:7 http://ports.ubuntu.com/ubuntu-ports focal/multiverse arm64 Packages [139 kB]
#9 26.88 Get:8 http://ports.ubuntu.com/ubuntu-ports focal/universe arm64 Packages [11.1 MB]
#9 115.9 Get:9 http://ports.ubuntu.com/ubuntu-ports focal-updates/multiverse arm64 Packages [12.0 kB]
#9 115.9 Get:10 http://ports.ubuntu.com/ubuntu-ports focal-updates/main arm64 Packages [3290 kB]
#9 141.0 Get:11 http://ports.ubuntu.com/ubuntu-ports focal-updates/restricted arm64 Packages [58.9 kB]
#9 142.0 Get:12 http://ports.ubuntu.com/ubuntu-ports focal-updates/universe arm64 Packages [1439 kB]
#9 149.9 Get:13 http://ports.ubuntu.com/ubuntu-ports focal-backports/universe arm64 Packages [27.8 kB]
#9 150.0 Get:14 http://ports.ubuntu.com/ubuntu-ports focal-backports/main arm64 Packages [54.8 kB]
#9 150.4 Get:15 http://ports.ubuntu.com/ubuntu-ports focal-security/restricted arm64 Packages [58.6 kB]
#9 150.4 Get:16 http://ports.ubuntu.com/ubuntu-ports focal-security/multiverse arm64 Packages [5924 B]
#9 150.7 Get:17 http://ports.ubuntu.com/ubuntu-ports focal-security/universe arm64 Packages [1152 kB]
#9 154.0 Get:18 http://ports.ubuntu.com/ubuntu-ports focal-security/main arm64 Packages [2917 kB]
#9 156.6 Fetched 22.2 MB in 2min 36s (142 kB/s)
#9 156.6 Reading package lists...
#9 157.2 Reading package lists...
#9 157.7 Building dependency tree...
#9 157.8 Reading state information...
#9 157.9 The following additional packages will be installed:
#9 157.9   dirmngr gnupg-l10n gnupg-utils gpg gpg-agent gpg-wks-client gpg-wks-server
#9 157.9   gpgconf gpgsm libasn1-8-heimdal libassuan0 libbrotli1 libcurl4
#9 157.9   libgssapi-krb5-2 libgssapi3-heimdal libhcrypto4-heimdal libheimbase1-heimdal
#9 157.9   libheimntlm0-heimdal libhx509-5-heimdal libk5crypto3 libkeyutils1
#9 157.9   libkrb5-26-heimdal libkrb5-3 libkrb5support0 libksba8 libldap-2.4-2
#9 157.9   libldap-common libnghttp2-14 libnpth0 libpsl5 libreadline8
#9 157.9   libroken18-heimdal librtmp1 libsasl2-2 libsasl2-modules-db libsqlite3-0
#9 157.9   libssh-4 libssl1.1 libwind0-heimdal openssl pinentry-curses readline-common
#9 157.9 Suggested packages:
#9 157.9   dbus-user-session libpam-systemd pinentry-gnome3 tor parcimonie xloadimage
#9 157.9   scdaemon krb5-doc krb5-user pinentry-doc readline-doc
#9 157.9 Recommended packages:
#9 157.9   krb5-locales publicsuffix libsasl2-modules
#9 158.0 The following NEW packages will be installed:
#9 158.0   ca-certificates curl dirmngr gnupg gnupg-l10n gnupg-utils gpg gpg-agent
#9 158.0   gpg-wks-client gpg-wks-server gpgconf gpgsm libasn1-8-heimdal libassuan0
#9 158.0   libbrotli1 libcurl4 libgssapi-krb5-2 libgssapi3-heimdal libhcrypto4-heimdal
#9 158.0   libheimbase1-heimdal libheimntlm0-heimdal libhx509-5-heimdal libk5crypto3
#9 158.0   libkeyutils1 libkrb5-26-heimdal libkrb5-3 libkrb5support0 libksba8
#9 158.0   libldap-2.4-2 libldap-common libnghttp2-14 libnpth0 libpsl5 libreadline8
#9 158.0   libroken18-heimdal librtmp1 libsasl2-2 libsasl2-modules-db libsqlite3-0
#9 158.0   libssh-4 libssl1.1 libwind0-heimdal openssl pinentry-curses readline-common
#9 158.9 0 upgraded, 45 newly installed, 0 to remove and 0 not upgraded.
#9 158.9 Need to get 7453 kB of archives.
#9 158.9 After this operation, 23.0 MB of additional disk space will be used.
#9 158.9 Get:1 http://ports.ubuntu.com/ubuntu-ports focal-updates/main arm64 libssl1.1 arm64 1.1.1f-1ubuntu2.22 [1159 kB]
#9 168.1 Get:2 http://ports.ubuntu.com/ubuntu-ports focal-updates/main arm64 openssl arm64 1.1.1f-1ubuntu2.22 [600 kB]
#9 172.5 Get:3 http://ports.ubuntu.com/ubuntu-ports focal-updates/main arm64 ca-certificates all 20230311ubuntu0.20.04.1 [152 kB]
#9 173.5 Get:4 http://ports.ubuntu.com/ubuntu-ports focal/main arm64 readline-common all 8.0-4 [53.5 kB]
#9 174.2 Get:5 http://ports.ubuntu.com/ubuntu-ports focal/main arm64 libreadline8 arm64 8.0-4 [123 kB]
#9 174.9 Get:6 http://ports.ubuntu.com/ubuntu-ports focal-updates/main arm64 libsqlite3-0 arm64 3.31.1-4ubuntu0.6 [507 kB]
#9 178.7 Get:7 http://ports.ubuntu.com/ubuntu-ports focal-updates/main arm64 libkrb5support0 arm64 1.17-6ubuntu4.4 [30.5 kB]
#9 178.9 Get:8 http://ports.ubuntu.com/ubuntu-ports focal-updates/main arm64 libk5crypto3 arm64 1.17-6ubuntu4.4 [80.4 kB]
#9 179.5 Get:9 http://ports.ubuntu.com/ubuntu-ports focal-updates/main arm64 libkeyutils1 arm64 1.6-6ubuntu1.1 [10.1 kB]
#9 179.5 Get:10 http://ports.ubuntu.com/ubuntu-ports focal-updates/main arm64 libkrb5-3 arm64 1.17-6ubuntu4.4 [312 kB]
#9 182.1 Get:11 http://ports.ubuntu.com/ubuntu-ports focal-updates/main arm64 libgssapi-krb5-2 arm64 1.17-6ubuntu4.4 [113 kB]
#9 183.4 Get:12 http://ports.ubuntu.com/ubuntu-ports focal/main arm64 libpsl5 arm64 0.21.0-1ubuntu1 [51.3 kB]
#9 184.6 Get:13 http://ports.ubuntu.com/ubuntu-ports focal-updates/main arm64 libbrotli1 arm64 1.0.7-6ubuntu0.1 [257 kB]
#9 186.5 Get:14 http://ports.ubuntu.com/ubuntu-ports focal-updates/main arm64 libroken18-heimdal arm64 7.7.0+dfsg-1ubuntu1.4 [40.1 kB]
#9 186.5 Get:15 http://ports.ubuntu.com/ubuntu-ports focal-updates/main arm64 libasn1-8-heimdal arm64 7.7.0+dfsg-1ubuntu1.4 [150 kB]
#9 187.3 Get:16 http://ports.ubuntu.com/ubuntu-ports focal-updates/main arm64 libheimbase1-heimdal arm64 7.7.0+dfsg-1ubuntu1.4 [28.7 kB]
#9 188.0 Get:17 http://ports.ubuntu.com/ubuntu-ports focal-updates/main arm64 libhcrypto4-heimdal arm64 7.7.0+dfsg-1ubuntu1.4 [84.7 kB]
#9 188.8 Get:18 http://ports.ubuntu.com/ubuntu-ports focal-updates/main arm64 libwind0-heimdal arm64 7.7.0+dfsg-1ubuntu1.4 [47.5 kB]
#9 189.1 Get:19 http://ports.ubuntu.com/ubuntu-ports focal-updates/main arm64 libhx509-5-heimdal arm64 7.7.0+dfsg-1ubuntu1.4 [98.9 kB]
#9 189.7 Get:20 http://ports.ubuntu.com/ubuntu-ports focal-updates/main arm64 libkrb5-26-heimdal arm64 7.7.0+dfsg-1ubuntu1.4 [192 kB]
#9 190.8 Get:21 http://ports.ubuntu.com/ubuntu-ports focal-updates/main arm64 libheimntlm0-heimdal arm64 7.7.0+dfsg-1ubuntu1.4 [14.7 kB]
#9 190.8 Get:22 http://ports.ubuntu.com/ubuntu-ports focal-updates/main arm64 libgssapi3-heimdal arm64 7.7.0+dfsg-1ubuntu1.4 [88.4 kB]
#9 192.2 Get:23 http://ports.ubuntu.com/ubuntu-ports focal-updates/main arm64 libsasl2-modules-db arm64 2.1.27+dfsg-2ubuntu0.1 [14.9 kB]
#9 192.7 Get:24 http://ports.ubuntu.com/ubuntu-ports focal-updates/main arm64 libsasl2-2 arm64 2.1.27+dfsg-2ubuntu0.1 [48.4 kB]
#9 193.1 Get:25 http://ports.ubuntu.com/ubuntu-ports focal-updates/main arm64 libldap-common all 2.4.49+dfsg-2ubuntu1.10 [16.5 kB]
#9 193.2 Get:26 http://ports.ubuntu.com/ubuntu-ports focal-updates/main arm64 libldap-2.4-2 arm64 2.4.49+dfsg-2ubuntu1.10 [145 kB]
#9 193.7 Get:27 http://ports.ubuntu.com/ubuntu-ports focal-updates/main arm64 libnghttp2-14 arm64 1.40.0-1ubuntu0.3 [75.5 kB]
#9 194.1 Get:28 http://ports.ubuntu.com/ubuntu-ports focal/main arm64 librtmp1 arm64 2.4+20151223.gitfa8646d.1-2build1 [53.3 kB]
#9 194.4 Get:29 http://ports.ubuntu.com/ubuntu-ports focal-updates/main arm64 libssh-4 arm64 0.9.3-2ubuntu2.5 [160 kB]
#9 195.0 Get:30 http://ports.ubuntu.com/ubuntu-ports focal-updates/main arm64 libcurl4 arm64 7.68.0-1ubuntu2.22 [215 kB]
#9 195.9 Get:31 http://ports.ubuntu.com/ubuntu-ports focal-updates/main arm64 curl arm64 7.68.0-1ubuntu2.22 [157 kB]
#9 196.6 Get:32 http://ports.ubuntu.com/ubuntu-ports focal/main arm64 libassuan0 arm64 2.5.3-7ubuntu2 [33.1 kB]
#9 196.8 Get:33 http://ports.ubuntu.com/ubuntu-ports focal-updates/main arm64 gpgconf arm64 2.2.19-3ubuntu2.2 [117 kB]
#9 198.5 Get:34 http://ports.ubuntu.com/ubuntu-ports focal-updates/main arm64 libksba8 arm64 1.3.5-2ubuntu0.20.04.2 [89.1 kB]
#9 200.6 Get:35 http://ports.ubuntu.com/ubuntu-ports focal/main arm64 libnpth0 arm64 1.6-1 [7440 B]
#9 200.6 Get:36 http://ports.ubuntu.com/ubuntu-ports focal-updates/main arm64 dirmngr arm64 2.2.19-3ubuntu2.2 [311 kB]
#9 203.0 Get:37 http://ports.ubuntu.com/ubuntu-ports focal-updates/main arm64 gnupg-l10n all 2.2.19-3ubuntu2.2 [51.7 kB]
#9 203.1 Get:38 http://ports.ubuntu.com/ubuntu-ports focal-updates/main arm64 gnupg-utils arm64 2.2.19-3ubuntu2.2 [441 kB]
#9 205.7 Get:39 http://ports.ubuntu.com/ubuntu-ports focal-updates/main arm64 gpg arm64 2.2.19-3ubuntu2.2 [442 kB]
#9 209.2 Get:40 http://ports.ubuntu.com/ubuntu-ports focal/main arm64 pinentry-curses arm64 1.1.0-3build1 [34.3 kB]
#9 209.4 Get:41 http://ports.ubuntu.com/ubuntu-ports focal-updates/main arm64 gpg-agent arm64 2.2.19-3ubuntu2.2 [216 kB]
#9 210.8 Get:42 http://ports.ubuntu.com/ubuntu-ports focal-updates/main arm64 gpg-wks-client arm64 2.2.19-3ubuntu2.2 [89.4 kB]
#9 211.3 Get:43 http://ports.ubuntu.com/ubuntu-ports focal-updates/main arm64 gpg-wks-server arm64 2.2.19-3ubuntu2.2 [83.1 kB]
#9 212.8 Get:44 http://ports.ubuntu.com/ubuntu-ports focal-updates/main arm64 gpgsm arm64 2.2.19-3ubuntu2.2 [198 kB]
#9 215.7 Get:45 http://ports.ubuntu.com/ubuntu-ports focal-updates/main arm64 gnupg all 2.2.19-3ubuntu2.2 [259 kB]
#9 217.6 debconf: delaying package configuration, since apt-utils is not installed
#9 217.7 Fetched 7453 kB in 60s (125 kB/s)
#9 217.7 Selecting previously unselected package libssl1.1:arm64.
#9 217.7 (Reading database ... 
(Reading database ... 5%
(Reading database ... 10%
(Reading database ... 15%
(Reading database ... 20%
(Reading database ... 25%
(Reading database ... 30%
(Reading database ... 35%
(Reading database ... 40%
(Reading database ... 45%
(Reading database ... 50%
(Reading database ... 55%
(Reading database ... 60%
(Reading database ... 65%
(Reading database ... 70%
(Reading database ... 75%
(Reading database ... 80%
(Reading database ... 85%
(Reading database ... 90%
(Reading database ... 95%
(Reading database ... 100%
(Reading database ... 4117 files and directories currently installed.)
#9 217.7 Preparing to unpack .../00-libssl1.1_1.1.1f-1ubuntu2.22_arm64.deb ...
#9 217.7 Unpacking libssl1.1:arm64 (1.1.1f-1ubuntu2.22) ...
#9 217.8 Selecting previously unselected package openssl.
#9 217.8 Preparing to unpack .../01-openssl_1.1.1f-1ubuntu2.22_arm64.deb ...
#9 217.8 Unpacking openssl (1.1.1f-1ubuntu2.22) ...
#9 217.8 Selecting previously unselected package ca-certificates.
#9 217.8 Preparing to unpack .../02-ca-certificates_20230311ubuntu0.20.04.1_all.deb ...
#9 217.8 Unpacking ca-certificates (20230311ubuntu0.20.04.1) ...
#9 217.9 Selecting previously unselected package readline-common.
#9 217.9 Preparing to unpack .../03-readline-common_8.0-4_all.deb ...
#9 217.9 Unpacking readline-common (8.0-4) ...
#9 217.9 Selecting previously unselected package libreadline8:arm64.
#9 217.9 Preparing to unpack .../04-libreadline8_8.0-4_arm64.deb ...
#9 217.9 Unpacking libreadline8:arm64 (8.0-4) ...
#9 217.9 Selecting previously unselected package libsqlite3-0:arm64.
#9 217.9 Preparing to unpack .../05-libsqlite3-0_3.31.1-4ubuntu0.6_arm64.deb ...
#9 217.9 Unpacking libsqlite3-0:arm64 (3.31.1-4ubuntu0.6) ...
#9 217.9 Selecting previously unselected package libkrb5support0:arm64.
#9 217.9 Preparing to unpack .../06-libkrb5support0_1.17-6ubuntu4.4_arm64.deb ...
#9 217.9 Unpacking libkrb5support0:arm64 (1.17-6ubuntu4.4) ...
#9 218.0 Selecting previously unselected package libk5crypto3:arm64.
#9 218.0 Preparing to unpack .../07-libk5crypto3_1.17-6ubuntu4.4_arm64.deb ...
#9 218.0 Unpacking libk5crypto3:arm64 (1.17-6ubuntu4.4) ...
#9 218.0 Selecting previously unselected package libkeyutils1:arm64.
#9 218.0 Preparing to unpack .../08-libkeyutils1_1.6-6ubuntu1.1_arm64.deb ...
#9 218.0 Unpacking libkeyutils1:arm64 (1.6-6ubuntu1.1) ...
#9 218.0 Selecting previously unselected package libkrb5-3:arm64.
#9 218.0 Preparing to unpack .../09-libkrb5-3_1.17-6ubuntu4.4_arm64.deb ...
#9 218.0 Unpacking libkrb5-3:arm64 (1.17-6ubuntu4.4) ...
#9 218.0 Selecting previously unselected package libgssapi-krb5-2:arm64.
#9 218.0 Preparing to unpack .../10-libgssapi-krb5-2_1.17-6ubuntu4.4_arm64.deb ...
#9 218.0 Unpacking libgssapi-krb5-2:arm64 (1.17-6ubuntu4.4) ...
#9 218.0 Selecting previously unselected package libpsl5:arm64.
#9 218.0 Preparing to unpack .../11-libpsl5_0.21.0-1ubuntu1_arm64.deb ...
#9 218.0 Unpacking libpsl5:arm64 (0.21.0-1ubuntu1) ...
#9 218.1 Selecting previously unselected package libbrotli1:arm64.
#9 218.1 Preparing to unpack .../12-libbrotli1_1.0.7-6ubuntu0.1_arm64.deb ...
#9 218.1 Unpacking libbrotli1:arm64 (1.0.7-6ubuntu0.1) ...
#9 218.1 Selecting previously unselected package libroken18-heimdal:arm64.
#9 218.1 Preparing to unpack .../13-libroken18-heimdal_7.7.0+dfsg-1ubuntu1.4_arm64.deb ...
#9 218.1 Unpacking libroken18-heimdal:arm64 (7.7.0+dfsg-1ubuntu1.4) ...
#9 218.1 Selecting previously unselected package libasn1-8-heimdal:arm64.
#9 218.1 Preparing to unpack .../14-libasn1-8-heimdal_7.7.0+dfsg-1ubuntu1.4_arm64.deb ...
#9 218.1 Unpacking libasn1-8-heimdal:arm64 (7.7.0+dfsg-1ubuntu1.4) ...
#9 218.1 Selecting previously unselected package libheimbase1-heimdal:arm64.
#9 218.1 Preparing to unpack .../15-libheimbase1-heimdal_7.7.0+dfsg-1ubuntu1.4_arm64.deb ...
#9 218.1 Unpacking libheimbase1-heimdal:arm64 (7.7.0+dfsg-1ubuntu1.4) ...
#9 218.1 Selecting previously unselected package libhcrypto4-heimdal:arm64.
#9 218.1 Preparing to unpack .../16-libhcrypto4-heimdal_7.7.0+dfsg-1ubuntu1.4_arm64.deb ...
#9 218.1 Unpacking libhcrypto4-heimdal:arm64 (7.7.0+dfsg-1ubuntu1.4) ...
#9 218.2 Selecting previously unselected package libwind0-heimdal:arm64.
#9 218.2 Preparing to unpack .../17-libwind0-heimdal_7.7.0+dfsg-1ubuntu1.4_arm64.deb ...
#9 218.2 Unpacking libwind0-heimdal:arm64 (7.7.0+dfsg-1ubuntu1.4) ...
#9 218.2 Selecting previously unselected package libhx509-5-heimdal:arm64.
#9 218.2 Preparing to unpack .../18-libhx509-5-heimdal_7.7.0+dfsg-1ubuntu1.4_arm64.deb ...
#9 218.2 Unpacking libhx509-5-heimdal:arm64 (7.7.0+dfsg-1ubuntu1.4) ...
#9 218.2 Selecting previously unselected package libkrb5-26-heimdal:arm64.
#9 218.2 Preparing to unpack .../19-libkrb5-26-heimdal_7.7.0+dfsg-1ubuntu1.4_arm64.deb ...
#9 218.2 Unpacking libkrb5-26-heimdal:arm64 (7.7.0+dfsg-1ubuntu1.4) ...
#9 218.2 Selecting previously unselected package libheimntlm0-heimdal:arm64.
#9 218.2 Preparing to unpack .../20-libheimntlm0-heimdal_7.7.0+dfsg-1ubuntu1.4_arm64.deb ...
#9 218.2 Unpacking libheimntlm0-heimdal:arm64 (7.7.0+dfsg-1ubuntu1.4) ...
#9 218.2 Selecting previously unselected package libgssapi3-heimdal:arm64.
#9 218.2 Preparing to unpack .../21-libgssapi3-heimdal_7.7.0+dfsg-1ubuntu1.4_arm64.deb ...
#9 218.2 Unpacking libgssapi3-heimdal:arm64 (7.7.0+dfsg-1ubuntu1.4) ...
#9 218.3 Selecting previously unselected package libsasl2-modules-db:arm64.
#9 218.3 Preparing to unpack .../22-libsasl2-modules-db_2.1.27+dfsg-2ubuntu0.1_arm64.deb ...
#9 218.3 Unpacking libsasl2-modules-db:arm64 (2.1.27+dfsg-2ubuntu0.1) ...
#9 218.3 Selecting previously unselected package libsasl2-2:arm64.
#9 218.3 Preparing to unpack .../23-libsasl2-2_2.1.27+dfsg-2ubuntu0.1_arm64.deb ...
#9 218.3 Unpacking libsasl2-2:arm64 (2.1.27+dfsg-2ubuntu0.1) ...
#9 218.3 Selecting previously unselected package libldap-common.
#9 218.3 Preparing to unpack .../24-libldap-common_2.4.49+dfsg-2ubuntu1.10_all.deb ...
#9 218.3 Unpacking libldap-common (2.4.49+dfsg-2ubuntu1.10) ...
#9 218.3 Selecting previously unselected package libldap-2.4-2:arm64.
#9 218.3 Preparing to unpack .../25-libldap-2.4-2_2.4.49+dfsg-2ubuntu1.10_arm64.deb ...
#9 218.3 Unpacking libldap-2.4-2:arm64 (2.4.49+dfsg-2ubuntu1.10) ...
#9 218.3 Selecting previously unselected package libnghttp2-14:arm64.
#9 218.3 Preparing to unpack .../26-libnghttp2-14_1.40.0-1ubuntu0.3_arm64.deb ...
#9 218.3 Unpacking libnghttp2-14:arm64 (1.40.0-1ubuntu0.3) ...
#9 218.3 Selecting previously unselected package librtmp1:arm64.
#9 218.3 Preparing to unpack .../27-librtmp1_2.4+20151223.gitfa8646d.1-2build1_arm64.deb ...
#9 218.3 Unpacking librtmp1:arm64 (2.4+20151223.gitfa8646d.1-2build1) ...
#9 218.4 Selecting previously unselected package libssh-4:arm64.
#9 218.4 Preparing to unpack .../28-libssh-4_0.9.3-2ubuntu2.5_arm64.deb ...
#9 218.4 Unpacking libssh-4:arm64 (0.9.3-2ubuntu2.5) ...
#9 218.4 Selecting previously unselected package libcurl4:arm64.
#9 218.4 Preparing to unpack .../29-libcurl4_7.68.0-1ubuntu2.22_arm64.deb ...
#9 218.4 Unpacking libcurl4:arm64 (7.68.0-1ubuntu2.22) ...
#9 218.4 Selecting previously unselected package curl.
#9 218.4 Preparing to unpack .../30-curl_7.68.0-1ubuntu2.22_arm64.deb ...
#9 218.4 Unpacking curl (7.68.0-1ubuntu2.22) ...
#9 218.4 Selecting previously unselected package libassuan0:arm64.
#9 218.4 Preparing to unpack .../31-libassuan0_2.5.3-7ubuntu2_arm64.deb ...
#9 218.4 Unpacking libassuan0:arm64 (2.5.3-7ubuntu2) ...
#9 218.4 Selecting previously unselected package gpgconf.
#9 218.4 Preparing to unpack .../32-gpgconf_2.2.19-3ubuntu2.2_arm64.deb ...
#9 218.4 Unpacking gpgconf (2.2.19-3ubuntu2.2) ...
#9 218.5 Selecting previously unselected package libksba8:arm64.
#9 218.5 Preparing to unpack .../33-libksba8_1.3.5-2ubuntu0.20.04.2_arm64.deb ...
#9 218.5 Unpacking libksba8:arm64 (1.3.5-2ubuntu0.20.04.2) ...
#9 218.5 Selecting previously unselected package libnpth0:arm64.
#9 218.5 Preparing to unpack .../34-libnpth0_1.6-1_arm64.deb ...
#9 218.5 Unpacking libnpth0:arm64 (1.6-1) ...
#9 218.5 Selecting previously unselected package dirmngr.
#9 218.5 Preparing to unpack .../35-dirmngr_2.2.19-3ubuntu2.2_arm64.deb ...
#9 218.5 Unpacking dirmngr (2.2.19-3ubuntu2.2) ...
#9 218.5 Selecting previously unselected package gnupg-l10n.
#9 218.5 Preparing to unpack .../36-gnupg-l10n_2.2.19-3ubuntu2.2_all.deb ...
#9 218.5 Unpacking gnupg-l10n (2.2.19-3ubuntu2.2) ...
#9 218.5 Selecting previously unselected package gnupg-utils.
#9 218.5 Preparing to unpack .../37-gnupg-utils_2.2.19-3ubuntu2.2_arm64.deb ...
#9 218.5 Unpacking gnupg-utils (2.2.19-3ubuntu2.2) ...
#9 218.6 Selecting previously unselected package gpg.
#9 218.6 Preparing to unpack .../38-gpg_2.2.19-3ubuntu2.2_arm64.deb ...
#9 218.6 Unpacking gpg (2.2.19-3ubuntu2.2) ...
#9 218.6 Selecting previously unselected package pinentry-curses.
#9 218.6 Preparing to unpack .../39-pinentry-curses_1.1.0-3build1_arm64.deb ...
#9 218.6 Unpacking pinentry-curses (1.1.0-3build1) ...
#9 218.6 Selecting previously unselected package gpg-agent.
#9 218.6 Preparing to unpack .../40-gpg-agent_2.2.19-3ubuntu2.2_arm64.deb ...
#9 218.6 Unpacking gpg-agent (2.2.19-3ubuntu2.2) ...
#9 218.7 Selecting previously unselected package gpg-wks-client.
#9 218.7 Preparing to unpack .../41-gpg-wks-client_2.2.19-3ubuntu2.2_arm64.deb ...
#9 218.7 Unpacking gpg-wks-client (2.2.19-3ubuntu2.2) ...
#9 218.7 Selecting previously unselected package gpg-wks-server.
#9 218.7 Preparing to unpack .../42-gpg-wks-server_2.2.19-3ubuntu2.2_arm64.deb ...
#9 218.7 Unpacking gpg-wks-server (2.2.19-3ubuntu2.2) ...
#9 218.7 Selecting previously unselected package gpgsm.
#9 218.7 Preparing to unpack .../43-gpgsm_2.2.19-3ubuntu2.2_arm64.deb ...
#9 218.7 Unpacking gpgsm (2.2.19-3ubuntu2.2) ...
#9 218.7 Selecting previously unselected package gnupg.
#9 218.7 Preparing to unpack .../44-gnupg_2.2.19-3ubuntu2.2_all.deb ...
#9 218.7 Unpacking gnupg (2.2.19-3ubuntu2.2) ...
#9 218.7 Setting up libksba8:arm64 (1.3.5-2ubuntu0.20.04.2) ...
#9 218.7 Setting up libkeyutils1:arm64 (1.6-6ubuntu1.1) ...
#9 218.7 Setting up libpsl5:arm64 (0.21.0-1ubuntu1) ...
#9 218.7 Setting up libssl1.1:arm64 (1.1.1f-1ubuntu2.22) ...
#9 218.8 debconf: unable to initialize frontend: Dialog
#9 218.8 debconf: (TERM is not set, so the dialog frontend is not usable.)
#9 218.8 debconf: falling back to frontend: Readline
#9 218.8 debconf: unable to initialize frontend: Readline
#9 218.8 debconf: (Can't locate Term/ReadLine.pm in @INC (you may need to install the Term::ReadLine module) (@INC contains: /etc/perl /usr/local/lib/aarch64-linux-gnu/perl/5.30.0 /usr/local/share/perl/5.30.0 /usr/lib/aarch64-linux-gnu/perl5/5.30 /usr/share/perl5 /usr/lib/aarch64-linux-gnu/perl/5.30 /usr/share/perl/5.30 /usr/local/lib/site_perl /usr/lib/aarch64-linux-gnu/perl-base) at /usr/share/perl5/Debconf/FrontEnd/Readline.pm line 7.)
#9 218.8 debconf: falling back to frontend: Teletype
#9 218.8 Setting up libbrotli1:arm64 (1.0.7-6ubuntu0.1) ...
#9 218.8 Setting up libsqlite3-0:arm64 (3.31.1-4ubuntu0.6) ...
#9 218.8 Setting up libnghttp2-14:arm64 (1.40.0-1ubuntu0.3) ...
#9 218.8 Setting up libnpth0:arm64 (1.6-1) ...
#9 218.8 Setting up libassuan0:arm64 (2.5.3-7ubuntu2) ...
#9 218.8 Setting up libldap-common (2.4.49+dfsg-2ubuntu1.10) ...
#9 218.8 Setting up libkrb5support0:arm64 (1.17-6ubuntu4.4) ...
#9 218.8 Setting up libsasl2-modules-db:arm64 (2.1.27+dfsg-2ubuntu0.1) ...
#9 218.8 Setting up gnupg-l10n (2.2.19-3ubuntu2.2) ...
#9 218.8 Setting up librtmp1:arm64 (2.4+20151223.gitfa8646d.1-2build1) ...
#9 218.8 Setting up libk5crypto3:arm64 (1.17-6ubuntu4.4) ...
#9 218.8 Setting up libsasl2-2:arm64 (2.1.27+dfsg-2ubuntu0.1) ...
#9 218.8 Setting up libroken18-heimdal:arm64 (7.7.0+dfsg-1ubuntu1.4) ...
#9 218.8 Setting up libkrb5-3:arm64 (1.17-6ubuntu4.4) ...
#9 218.8 Setting up openssl (1.1.1f-1ubuntu2.22) ...
#9 218.8 Setting up readline-common (8.0-4) ...
#9 218.8 Setting up libheimbase1-heimdal:arm64 (7.7.0+dfsg-1ubuntu1.4) ...
#9 218.8 Setting up pinentry-curses (1.1.0-3build1) ...
#9 218.8 Setting up libasn1-8-heimdal:arm64 (7.7.0+dfsg-1ubuntu1.4) ...
#9 218.8 Setting up libreadline8:arm64 (8.0-4) ...
#9 218.9 Setting up libhcrypto4-heimdal:arm64 (7.7.0+dfsg-1ubuntu1.4) ...
#9 218.9 Setting up ca-certificates (20230311ubuntu0.20.04.1) ...
#9 218.9 debconf: unable to initialize frontend: Dialog
#9 218.9 debconf: (TERM is not set, so the dialog frontend is not usable.)
#9 218.9 debconf: falling back to frontend: Readline
#9 218.9 debconf: unable to initialize frontend: Readline
#9 218.9 debconf: (Can't locate Term/ReadLine.pm in @INC (you may need to install the Term::ReadLine module) (@INC contains: /etc/perl /usr/local/lib/aarch64-linux-gnu/perl/5.30.0 /usr/local/share/perl/5.30.0 /usr/lib/aarch64-linux-gnu/perl5/5.30 /usr/share/perl5 /usr/lib/aarch64-linux-gnu/perl/5.30 /usr/share/perl/5.30 /usr/local/lib/site_perl /usr/lib/aarch64-linux-gnu/perl-base) at /usr/share/perl5/Debconf/FrontEnd/Readline.pm line 7.)
#9 218.9 debconf: falling back to frontend: Teletype
#9 219.1 Updating certificates in /etc/ssl/certs...
#9 219.3 137 added, 0 removed; done.
#9 219.3 Setting up libwind0-heimdal:arm64 (7.7.0+dfsg-1ubuntu1.4) ...
#9 219.3 Setting up libgssapi-krb5-2:arm64 (1.17-6ubuntu4.4) ...
#9 219.3 Setting up libssh-4:arm64 (0.9.3-2ubuntu2.5) ...
#9 219.3 Setting up gpgconf (2.2.19-3ubuntu2.2) ...
#9 219.3 Setting up gpg (2.2.19-3ubuntu2.2) ...
#9 219.3 Setting up gnupg-utils (2.2.19-3ubuntu2.2) ...
#9 219.3 Setting up gpg-agent (2.2.19-3ubuntu2.2) ...
#9 219.5 Setting up libhx509-5-heimdal:arm64 (7.7.0+dfsg-1ubuntu1.4) ...
#9 219.6 Setting up gpgsm (2.2.19-3ubuntu2.2) ...
#9 219.6 Setting up gpg-wks-server (2.2.19-3ubuntu2.2) ...
#9 219.6 Setting up libkrb5-26-heimdal:arm64 (7.7.0+dfsg-1ubuntu1.4) ...
#9 219.6 Setting up libheimntlm0-heimdal:arm64 (7.7.0+dfsg-1ubuntu1.4) ...
#9 219.6 Setting up libgssapi3-heimdal:arm64 (7.7.0+dfsg-1ubuntu1.4) ...
#9 219.6 Setting up libldap-2.4-2:arm64 (2.4.49+dfsg-2ubuntu1.10) ...
#9 219.6 Setting up dirmngr (2.2.19-3ubuntu2.2) ...
#9 219.6 Setting up libcurl4:arm64 (7.68.0-1ubuntu2.22) ...
#9 219.6 Setting up curl (7.68.0-1ubuntu2.22) ...
#9 219.6 Setting up gpg-wks-client (2.2.19-3ubuntu2.2) ...
#9 219.6 Setting up gnupg (2.2.19-3ubuntu2.2) ...
#9 219.6 Processing triggers for libc-bin (2.31-0ubuntu9.16) ...
#9 219.7 Processing triggers for ca-certificates (20230311ubuntu0.20.04.1) ...
#9 219.7 Updating certificates in /etc/ssl/certs...
#9 219.8 0 added, 0 removed; done.
#9 219.8 Running hooks in /etc/ca-certificates/update.d...
#9 219.8 done.
#9 DONE 219.9s

#10 [builder 3/5] WORKDIR /tmp
#10 DONE 0.0s

#11 [builder 4/5] RUN curl -SLO https://download.litecoin.org/litecoin-0.21.3/davidburkett38-key.pgp &&     gpg --import /tmp/davidburkett38-key.pgp
#11 0.150   % Total    % Received % Xferd  Average Speed   Time    Time     Time  Current
#11 0.150                                  Dload  Upload   Total   Spent    Left  Speed
#11 0.150 
  0     0    0     0    0     0      0      0 --:--:-- --:--:-- --:--:--     0
100  3211  100  3211    0     0   5121      0 --:--:-- --:--:-- --:--:--  5121
#11 0.791 gpg: directory '/root/.gnupg' created
#11 0.792 gpg: keybox '/root/.gnupg/pubring.kbx' created
#11 0.794 gpg: /root/.gnupg/trustdb.gpg: trustdb created
#11 0.794 gpg: key 3620E9D387E55666: public key "David Burkett <davidburkett38@gmail.com>" imported
#11 0.801 gpg: Total number processed: 1
#11 0.801 gpg:               imported: 1
#11 DONE 0.8s

#12 [builder 5/5] RUN curl -SLO https://download.litecoin.org/litecoin-0.21.3/linux/litecoin-0.21.3-x86_64-linux-gnu.tar.gz &&     curl -SLO https://download.litecoin.org/litecoin-0.21.3/SHA256SUMS.asc &&     gpg --verify SHA256SUMS.asc &&     grep "litecoin-0.21.3-x86_64-linux-gnu.tar.gz" SHA256SUMS.asc | sha256sum -c - &&     tar -xzf litecoin-0.21.3-x86_64-linux-gnu.tar.gz -C /tmp --strip-components=1 &&     ls -a /tmp &&     rm /tmp/litecoin-0.21.3-x86_64-linux-gnu.tar.gz
#12 0.103   % Total    % Received % Xferd  Average Speed   Time    Time     Time  Current
#12 0.103                                  Dload  Upload   Total   Spent    Left  Speed
#12 0.103 
  0     0    0     0    0     0      0      0 --:--:-- --:--:-- --:--:--     0
  0     0    0     0    0     0      0      0 --:--:-- --:--:-- --:--:--     0
  0     0    0     0    0     0      0      0 --:--:--  0:00:01 --:--:--     0
  2 35.0M    2 1038k    0     0   504k      0  0:01:11  0:00:02  0:01:09  504k
 11 35.0M   11 4046k    0     0  1265k      0  0:00:28  0:00:03  0:00:25 1264k
 15 35.0M   15 5718k    0     0  1399k      0  0:00:25  0:00:04  0:00:21 1399k
 25 35.0M   25 9254k    0     0  1829k      0  0:00:19  0:00:05  0:00:14 1906k
 34 35.0M   34 11.9M    0     0  2021k      0  0:00:17  0:00:06  0:00:11 2476k
 41 35.0M   41 14.6M    0     0  2126k      0  0:00:16  0:00:07  0:00:09 2795k
 51 35.0M   51 18.0M    0     0  2220k      0  0:00:16  0:00:08  0:00:08 2817k
 56 35.0M   56 19.9M    0     0  2251k      0  0:00:15  0:00:09  0:00:06 2950k
 64 35.0M   64 22.4M    0     0  2287k      0  0:00:15  0:00:10  0:00:05 2751k
 71 35.0M   71 24.9M    0     0  2314k      0  0:00:15  0:00:11  0:00:04 2668k
 76 35.0M   76 26.6M    0     0  2265k      0  0:00:15  0:00:12  0:00:03 2461k
 82 35.0M   82 28.9M    0     0  2251k      0  0:00:15  0:00:13  0:00:02 2304k
 88 35.0M   88 30.8M    0     0  2249k      0  0:00:15  0:00:14  0:00:01 2246k
 93 35.0M   93 32.8M    0     0  2235k      0  0:00:16  0:00:15  0:00:01 2131k
 99 35.0M   99 34.7M    0     0  2217k      0  0:00:16  0:00:16 --:--:-- 2003k
100 35.0M  100 35.0M    0     0  2214k      0  0:00:16  0:00:16 --:--:-- 2063k
#12 16.33   % Total    % Received % Xferd  Average Speed   Time    Time     Time  Current
#12 16.33                                  Dload  Upload   Total   Spent    Left  Speed
#12 16.33 
  0     0    0     0    0     0      0      0 --:--:-- --:--:-- --:--:--     0
  0  1775    0     0    0     0      0      0 --:--:--  0:00:01 --:--:--     0
100  1775  100  1775    0     0   1603      0  0:00:01  0:00:01 --:--:--  1604
#12 17.44 gpg: Signature made Fri Mar 29 11:36:24 2024 UTC
#12 17.44 gpg:                using RSA key D35621D53A1CC6A3456758D03620E9D387E55666
#12 17.45 gpg: Good signature from "David Burkett <davidburkett38@gmail.com>" [expired]
#12 17.45 gpg: Note: This key has expired!
#12 17.45 Primary key fingerprint: D356 21D5 3A1C C6A3 4567  58D0 3620 E9D3 87E5 5666
#12 17.57 litecoin-0.21.3-x86_64-linux-gnu.tar.gz: OK
#12 18.23 .
#12 18.23 ..
#12 18.23 README.md
#12 18.23 SHA256SUMS.asc
#12 18.23 bin
#12 18.23 davidburkett38-key.pgp
#12 18.23 litecoin-0.21.3-x86_64-linux-gnu.tar.gz
#12 18.23 share
#12 DONE 18.3s

#13 [runtime 3/4] COPY --from=builder /tmp/bin /usr/local/litecoin/bin
#13 DONE 0.1s

#14 [runtime 4/4] WORKDIR /opt/litecoin
#14 DONE 0.0s

#15 exporting to image
#15 exporting layers
#15 exporting layers 0.2s done
#15 writing image sha256:7b5911bbf0a8fc143b120f071d25041201e4eb9fd06e2e56f81b7ecaa06b1894
#15 writing image sha256:7b5911bbf0a8fc143b120f071d25041201e4eb9fd06e2e56f81b7ecaa06b1894 done
#15 naming to docker.io/library/litecoin:0.0.2 done
#15 DONE 0.2s
